d:\语言尝试\c++尝试\c++练习\酷毙了\酷毙了\x64\release\vc143.pdb
d:\语言尝试\c++尝试\c++练习\酷毙了\酷毙了\x64\release\windowmanager.obj
d:\语言尝试\c++尝试\c++练习\酷毙了\酷毙了\x64\release\main.obj
d:\语言尝试\c++尝试\c++练习\酷毙了\酷毙了\x64\release\thread.obj
d:\语言尝试\c++尝试\c++练习\酷毙了\酷毙了\x64\release\cursormanager.obj
d:\语言尝试\c++尝试\c++练习\酷毙了\x64\release\酷毙了.exe
d:\语言尝试\c++尝试\c++练习\酷毙了\x64\release\酷毙了.pdb
d:\语言尝试\c++尝试\c++练习\酷毙了\酷毙了\x64\release\酷毙了.res
d:\语言尝试\c++尝试\c++练习\酷毙了\酷毙了\x64\release\酷毙了.ipdb
d:\语言尝试\c++尝试\c++练习\酷毙了\酷毙了\x64\release\酷毙了.iobj
d:\语言尝试\c++尝试\c++练习\酷毙了\酷毙了\x64\release\base.obj
d:\语言尝试\c++尝试\c++练习\酷毙了\酷毙了\x64\release\酷毙了.tlog\cl.command.1.tlog
d:\语言尝试\c++尝试\c++练习\酷毙了\酷毙了\x64\release\酷毙了.tlog\cl.items.tlog
d:\语言尝试\c++尝试\c++练习\酷毙了\酷毙了\x64\release\酷毙了.tlog\cl.read.1.tlog
d:\语言尝试\c++尝试\c++练习\酷毙了\酷毙了\x64\release\酷毙了.tlog\cl.write.1.tlog
d:\语言尝试\c++尝试\c++练习\酷毙了\酷毙了\x64\release\酷毙了.tlog\link.command.1.tlog
d:\语言尝试\c++尝试\c++练习\酷毙了\酷毙了\x64\release\酷毙了.tlog\link.read.1.tlog
d:\语言尝试\c++尝试\c++练习\酷毙了\酷毙了\x64\release\酷毙了.tlog\link.secondary.1.tlog
d:\语言尝试\c++尝试\c++练习\酷毙了\酷毙了\x64\release\酷毙了.tlog\link.write.1.tlog
d:\语言尝试\c++尝试\c++练习\酷毙了\酷毙了\x64\release\酷毙了.tlog\rc.command.1.tlog
d:\语言尝试\c++尝试\c++练习\酷毙了\酷毙了\x64\release\酷毙了.tlog\rc.read.1.tlog
d:\语言尝试\c++尝试\c++练习\酷毙了\酷毙了\x64\release\酷毙了.tlog\rc.write.1.tlog
